# JRE version: OpenJDK Runtime Environment Temurin-17.0.11+9 (17.0.11+9) (build 17.0.11+9)
# Java VM: OpenJDK 64-Bit Server VM Temurin-17.0.11+9 (17.0.11+9, mixed mode, tiered, compressed oops, compressed class ptrs, parallel gc, windows-amd64)
GC Precious Log:
 CPUs: 16 total, 16 available
 Memory: 16252M
 Large Page Support: Disabled
 NUMA Support: Disabled
 Compressed Oops: Enabled (32-bit)
 Alignments: Space 512K, Generation 512K, Heap 2M
 Heap Min Capacity: 100M
 Heap Initial Capacity: 100M
 Heap Max Capacity: 1G
 Pre-touch: Disabled
 Parallel Workers: 13
Heap:
 PSYoungGen      total 5120K, used 4177K [0x00000000eab00000, 0x00000000eb300000, 0x0000000100000000)
  eden space 4608K, 85% used [0x00000000eab00000,0x00000000eaed4550,0x00000000eaf80000)
  from space 512K, 50% used [0x00000000eb100000,0x00000000eb140000,0x00000000eb180000)
  to   space 1024K, 0% used [0x00000000eb200000,0x00000000eb200000,0x00000000eb300000)
 ParOldGen       total 178688K, used 132597K [0x00000000c0000000, 0x00000000cae80000, 0x00000000eab00000)
  object space 178688K, 74% used [0x00000000c0000000,0x00000000c817d6f0,0x00000000cae80000)
 Metaspace       used 92274K, committed 93632K, reserved 1179648K
  class space    used 9230K, committed 9856K, reserved 1048576K
GC Heap History (20 events):
Event: 2021.254 GC heap before
{Heap before GC invocations=2579 (full 66):
 PSYoungGen      total 5632K, used 5178K [0x00000000eab00000, 0x00000000eb300000, 0x0000000100000000)
  eden space 3584K, 100% used [0x00000000eab00000,0x00000000eae80000,0x00000000eae80000)
  from space 2048K, 77% used [0x00000000eae80000,0x00000000eb00e900,0x00000000eb080000)
  to   space 2048K, 0% used [0x00000000eb100000,0x00000000eb100000,0x00000000eb300000)
 ParOldGen       total 172544K, used 162173K [0x00000000c0000000, 0x00000000ca880000, 0x00000000eab00000)
  object space 172544K, 93% used [0x00000000c0000000,0x00000000c9e5f570,0x00000000ca880000)
 Metaspace       used 92226K, committed 93568K, reserved 1179648K
  class space    used 9230K, committed 9856K, reserved 1048576K
}
Event: 2021.255 GC heap after
{Heap after GC invocations=2579 (full 66):
 PSYoungGen      total 5120K, used 320K [0x00000000eab00000, 0x00000000eb180000, 0x0000000100000000)
  eden space 4608K, 0% used [0x00000000eab00000,0x00000000eab00000,0x00000000eaf80000)
  from space 512K, 62% used [0x00000000eb100000,0x00000000eb150000,0x00000000eb180000)
  to   space 1024K, 0% used [0x00000000eaf80000,0x00000000eaf80000,0x00000000eb080000)
 ParOldGen       total 172544K, used 163249K [0x00000000c0000000, 0x00000000ca880000, 0x00000000eab00000)
  object space 172544K, 94% used [0x00000000c0000000,0x00000000c9f6c770,0x00000000ca880000)
 Metaspace       used 92226K, committed 93568K, reserved 1179648K
  class space    used 9230K, committed 9856K, reserved 1048576K
}
Event: 2021.636 GC heap before
{Heap before GC invocations=2580 (full 66):
 PSYoungGen      total 5120K, used 4928K [0x00000000eab00000, 0x00000000eb180000, 0x0000000100000000)
  eden space 4608K, 100% used [0x00000000eab00000,0x00000000eaf80000,0x00000000eaf80000)
  from space 512K, 62% used [0x00000000eb100000,0x00000000eb150000,0x00000000eb180000)
  to   space 1024K, 0% used [0x00000000eaf80000,0x00000000eaf80000,0x00000000eb080000)
 ParOldGen       total 172544K, used 163249K [0x00000000c0000000, 0x00000000ca880000, 0x00000000eab00000)
  object space 172544K, 94% used [0x00000000c0000000,0x00000000c9f6c770,0x00000000ca880000)
 Metaspace       used 92226K, committed 93568K, reserved 1179648K
  class space    used 9230K, committed 9856K, reserved 1048576K
}
Event: 2021.637 GC heap after
{Heap after GC invocations=2580 (full 66):
 PSYoungGen      total 5632K, used 1002K [0x00000000eab00000, 0x00000000eb480000, 0x0000000100000000)
  eden space 4608K, 0% used [0x00000000eab00000,0x00000000eab00000,0x00000000eaf80000)
  from space 1024K, 97% used [0x00000000eaf80000,0x00000000eb07a930,0x00000000eb080000)
  to   space 2048K, 0% used [0x00000000eb280000,0x00000000eb280000,0x00000000eb480000)
 ParOldGen       total 172544K, used 163693K [0x00000000c0000000, 0x00000000ca880000, 0x00000000eab00000)
  object space 172544K, 94% used [0x00000000c0000000,0x00000000c9fdb5a8,0x00000000ca880000)
 Metaspace       used 92226K, committed 93568K, reserved 1179648K
  class space    used 9230K, committed 9856K, reserved 1048576K
}
Event: 2021.645 GC heap before
{Heap before GC invocations=2581 (full 66):
 PSYoungGen      total 5632K, used 5610K [0x00000000eab00000, 0x00000000eb480000, 0x0000000100000000)
  eden space 4608K, 100% used [0x00000000eab00000,0x00000000eaf80000,0x00000000eaf80000)
  from space 1024K, 97% used [0x00000000eaf80000,0x00000000eb07a930,0x00000000eb080000)
  to   space 2048K, 0% used [0x00000000eb280000,0x00000000eb280000,0x00000000eb480000)
 ParOldGen       total 172544K, used 163693K [0x00000000c0000000, 0x00000000ca880000, 0x00000000eab00000)
  object space 172544K, 94% used [0x00000000c0000000,0x00000000c9fdb5a8,0x00000000ca880000)
 Metaspace       used 92226K, committed 93568K, reserved 1179648K
  class space    used 9230K, committed 9856K, reserved 1048576K
}
Event: 2021.646 GC heap after
{Heap after GC invocations=2581 (full 66):
 PSYoungGen      total 5632K, used 2042K [0x00000000eab00000, 0x00000000eb880000, 0x0000000100000000)
  eden space 3584K, 0% used [0x00000000eab00000,0x00000000eab00000,0x00000000eae80000)
  from space 2048K, 99% used [0x00000000eb280000,0x00000000eb47e910,0x00000000eb480000)
  to   space 4096K, 0% used [0x00000000eae80000,0x00000000eae80000,0x00000000eb280000)
 ParOldGen       total 172544K, used 165302K [0x00000000c0000000, 0x00000000ca880000, 0x00000000eab00000)
  object space 172544K, 95% used [0x00000000c0000000,0x00000000ca16db60,0x00000000ca880000)
 Metaspace       used 92226K, committed 93568K, reserved 1179648K
  class space    used 9230K, committed 9856K, reserved 1048576K
}
Event: 2021.651 GC heap before
{Heap before GC invocations=2582 (full 66):
 PSYoungGen      total 5632K, used 5626K [0x00000000eab00000, 0x00000000eb880000, 0x0000000100000000)
  eden space 3584K, 100% used [0x00000000eab00000,0x00000000eae80000,0x00000000eae80000)
  from space 2048K, 99% used [0x00000000eb280000,0x00000000eb47e910,0x00000000eb480000)
  to   space 4096K, 0% used [0x00000000eae80000,0x00000000eae80000,0x00000000eb280000)
 ParOldGen       total 172544K, used 165302K [0x00000000c0000000, 0x00000000ca880000, 0x00000000eab00000)
  object space 172544K, 95% used [0x00000000c0000000,0x00000000ca16db60,0x00000000ca880000)
 Metaspace       used 92226K, committed 93568K, reserved 1179648K
  class space    used 9230K, committed 9856K, reserved 1048576K
}
Event: 2021.653 GC heap after
{Heap after GC invocations=2582 (full 66):
 PSYoungGen      total 7680K, used 3680K [0x00000000eab00000, 0x00000000eb780000, 0x0000000100000000)
  eden space 3584K, 0% used [0x00000000eab00000,0x00000000eab00000,0x00000000eae80000)
  from space 4096K, 89% used [0x00000000eae80000,0x00000000eb218000,0x00000000eb280000)
  to   space 4096K, 0% used [0x00000000eb380000,0x00000000eb380000,0x00000000eb780000)
 ParOldGen       total 172544K, used 167315K [0x00000000c0000000, 0x00000000ca880000, 0x00000000eab00000)
  object space 172544K, 96% used [0x00000000c0000000,0x00000000ca364d90,0x00000000ca880000)
 Metaspace       used 92226K, committed 93568K, reserved 1179648K
  class space    used 9230K, committed 9856K, reserved 1048576K
}
Event: 2021.657 GC heap before
{Heap before GC invocations=2583 (full 66):
 PSYoungGen      total 7680K, used 7263K [0x00000000eab00000, 0x00000000eb780000, 0x0000000100000000)
  eden space 3584K, 99% used [0x00000000eab00000,0x00000000eae7ffe8,0x00000000eae80000)
  from space 4096K, 89% used [0x00000000eae80000,0x00000000eb218000,0x00000000eb280000)
  to   space 4096K, 0% used [0x00000000eb380000,0x00000000eb380000,0x00000000eb780000)
 ParOldGen       total 172544K, used 167315K [0x00000000c0000000, 0x00000000ca880000, 0x00000000eab00000)
  object space 172544K, 96% used [0x00000000c0000000,0x00000000ca364d90,0x00000000ca880000)
 Metaspace       used 92226K, committed 93568K, reserved 1179648K
  class space    used 9230K, committed 9856K, reserved 1048576K
}
Event: 2021.660 GC heap after
{Heap after GC invocations=2583 (full 66):
 PSYoungGen      total 8192K, used 3120K [0x00000000eab00000, 0x00000000eb700000, 0x0000000100000000)
  eden space 4608K, 0% used [0x00000000eab00000,0x00000000eab00000,0x00000000eaf80000)
  from space 3584K, 87% used [0x00000000eb380000,0x00000000eb68c2a0,0x00000000eb700000)
  to   space 3584K, 0% used [0x00000000eb000000,0x00000000eb000000,0x00000000eb380000)
 ParOldGen       total 172544K, used 170947K [0x00000000c0000000, 0x00000000ca880000, 0x00000000eab00000)
  object space 172544K, 99% used [0x00000000c0000000,0x00000000ca6f0d90,0x00000000ca880000)
 Metaspace       used 92226K, committed 93568K, reserved 1179648K
  class space    used 9230K, committed 9856K, reserved 1048576K
}
Event: 2021.660 GC heap before
{Heap before GC invocations=2584 (full 67):
 PSYoungGen      total 8192K, used 3120K [0x00000000eab00000, 0x00000000eb700000, 0x0000000100000000)
  eden space 4608K, 0% used [0x00000000eab00000,0x00000000eab00000,0x00000000eaf80000)
  from space 3584K, 87% used [0x00000000eb380000,0x00000000eb68c2a0,0x00000000eb700000)
  to   space 3584K, 0% used [0x00000000eb000000,0x00000000eb000000,0x00000000eb380000)
 ParOldGen       total 172544K, used 170947K [0x00000000c0000000, 0x00000000ca880000, 0x00000000eab00000)
  object space 172544K, 99% used [0x00000000c0000000,0x00000000ca6f0d90,0x00000000ca880000)
 Metaspace       used 92226K, committed 93568K, reserved 1179648K
  class space    used 9230K, committed 9856K, reserved 1048576K
}
Event: 2021.732 GC heap after
{Heap after GC invocations=2584 (full 67):
 PSYoungGen      total 8704K, used 0K [0x00000000eab00000, 0x00000000eb780000, 0x0000000100000000)
  eden space 5120K, 0% used [0x00000000eab00000,0x00000000eab00000,0x00000000eb000000)
  from space 3584K, 0% used [0x00000000eb000000,0x00000000eb000000,0x00000000eb380000)
  to   space 3584K, 0% used [0x00000000eb400000,0x00000000eb400000,0x00000000eb780000)
 ParOldGen       total 178688K, used 127169K [0x00000000c0000000, 0x00000000cae80000, 0x00000000eab00000)
  object space 178688K, 71% used [0x00000000c0000000,0x00000000c7c306c8,0x00000000cae80000)
 Metaspace       used 92226K, committed 93568K, reserved 1179648K
  class space    used 9230K, committed 9856K, reserved 1048576K
}
Event: 2021.739 GC heap before
{Heap before GC invocations=2585 (full 67):
 PSYoungGen      total 8704K, used 5120K [0x00000000eab00000, 0x00000000eb780000, 0x0000000100000000)
  eden space 5120K, 100% used [0x00000000eab00000,0x00000000eb000000,0x00000000eb000000)
  from space 3584K, 0% used [0x00000000eb000000,0x00000000eb000000,0x00000000eb380000)
  to   space 3584K, 0% used [0x00000000eb400000,0x00000000eb400000,0x00000000eb780000)
 ParOldGen       total 178688K, used 127169K [0x00000000c0000000, 0x00000000cae80000, 0x00000000eab00000)
  object space 178688K, 71% used [0x00000000c0000000,0x00000000c7c306c8,0x00000000cae80000)
 Metaspace       used 92226K, committed 93568K, reserved 1179648K
  class space    used 9230K, committed 9856K, reserved 1048576K
}
Event: 2021.741 GC heap after
{Heap after GC invocations=2585 (full 67):
 PSYoungGen      total 8192K, used 3578K [0x00000000eab00000, 0x00000000eba00000, 0x0000000100000000)
  eden space 4608K, 0% used [0x00000000eab00000,0x00000000eab00000,0x00000000eaf80000)
  from space 3584K, 99% used [0x00000000eb400000,0x00000000eb77e900,0x00000000eb780000)
  to   space 4608K, 0% used [0x00000000eaf80000,0x00000000eaf80000,0x00000000eb400000)
 ParOldGen       total 178688K, used 127905K [0x00000000c0000000, 0x00000000cae80000, 0x00000000eab00000)
  object space 178688K, 71% used [0x00000000c0000000,0x00000000c7ce86c8,0x00000000cae80000)
 Metaspace       used 92226K, committed 93568K, reserved 1179648K
  class space    used 9230K, committed 9856K, reserved 1048576K
}
Event: 2021.747 GC heap before
{Heap before GC invocations=2586 (full 67):
 PSYoungGen      total 8192K, used 8179K [0x00000000eab00000, 0x00000000eba00000, 0x0000000100000000)
  eden space 4608K, 99% used [0x00000000eab00000,0x00000000eaf7e340,0x00000000eaf80000)
  from space 3584K, 99% used [0x00000000eb400000,0x00000000eb77e900,0x00000000eb780000)
  to   space 4608K, 0% used [0x00000000eaf80000,0x00000000eaf80000,0x00000000eb400000)
 ParOldGen       total 178688K, used 127905K [0x00000000c0000000, 0x00000000cae80000, 0x00000000eab00000)
  object space 178688K, 71% used [0x00000000c0000000,0x00000000c7ce86c8,0x00000000cae80000)
 Metaspace       used 92226K, committed 93568K, reserved 1179648K
  class space    used 9230K, committed 9856K, reserved 1048576K
}
Event: 2021.749 GC heap after
{Heap after GC invocations=2586 (full 67):
 PSYoungGen      total 5120K, used 404K [0x00000000eab00000, 0x00000000eb480000, 0x0000000100000000)
  eden space 4608K, 0% used [0x00000000eab00000,0x00000000eab00000,0x00000000eaf80000)
  from space 512K, 79% used [0x00000000eaf80000,0x00000000eafe5200,0x00000000eb000000)
  to   space 2048K, 0% used [0x00000000eb280000,0x00000000eb280000,0x00000000eb480000)
 ParOldGen       total 178688K, used 131462K [0x00000000c0000000, 0x00000000cae80000, 0x00000000eab00000)
  object space 178688K, 73% used [0x00000000c0000000,0x00000000c80618c8,0x00000000cae80000)
 Metaspace       used 92226K, committed 93568K, reserved 1179648K
  class space    used 9230K, committed 9856K, reserved 1048576K
}
Event: 2856.877 GC heap before
{Heap before GC invocations=2587 (full 67):
 PSYoungGen      total 5120K, used 5012K [0x00000000eab00000, 0x00000000eb480000, 0x0000000100000000)
  eden space 4608K, 99% used [0x00000000eab00000,0x00000000eaf7ffb8,0x00000000eaf80000)
  from space 512K, 79% used [0x00000000eaf80000,0x00000000eafe5200,0x00000000eb000000)
  to   space 2048K, 0% used [0x00000000eb280000,0x00000000eb280000,0x00000000eb480000)
 ParOldGen       total 178688K, used 131462K [0x00000000c0000000, 0x00000000cae80000, 0x00000000eab00000)
  object space 178688K, 73% used [0x00000000c0000000,0x00000000c80618c8,0x00000000cae80000)
 Metaspace       used 92235K, committed 93568K, reserved 1179648K
  class space    used 9230K, committed 9856K, reserved 1048576K
}
Event: 2856.878 GC heap after
{Heap after GC invocations=2587 (full 67):
 PSYoungGen      total 6144K, used 1120K [0x00000000eab00000, 0x00000000eb400000, 0x0000000100000000)
  eden space 4608K, 0% used [0x00000000eab00000,0x00000000eab00000,0x00000000eaf80000)
  from space 1536K, 72% used [0x00000000eb280000,0x00000000eb398000,0x00000000eb400000)
  to   space 1536K, 0% used [0x00000000eb100000,0x00000000eb100000,0x00000000eb280000)
 ParOldGen       total 178688K, used 131625K [0x00000000c0000000, 0x00000000cae80000, 0x00000000eab00000)
  object space 178688K, 73% used [0x00000000c0000000,0x00000000c808a6d0,0x00000000cae80000)
 Metaspace       used 92235K, committed 93568K, reserved 1179648K
  class space    used 9230K, committed 9856K, reserved 1048576K
}
Event: 9164.301 GC heap before
{Heap before GC invocations=2588 (full 67):
 PSYoungGen      total 6144K, used 5728K [0x00000000eab00000, 0x00000000eb400000, 0x0000000100000000)
  eden space 4608K, 100% used [0x00000000eab00000,0x00000000eaf80000,0x00000000eaf80000)
  from space 1536K, 72% used [0x00000000eb280000,0x00000000eb398000,0x00000000eb400000)
  to   space 1536K, 0% used [0x00000000eb100000,0x00000000eb100000,0x00000000eb280000)
 ParOldGen       total 178688K, used 131625K [0x00000000c0000000, 0x00000000cae80000, 0x00000000eab00000)
  object space 178688K, 73% used [0x00000000c0000000,0x00000000c808a6d0,0x00000000cae80000)
 Metaspace       used 92274K, committed 93632K, reserved 1179648K
  class space    used 9230K, committed 9856K, reserved 1048576K
}
Event: 9164.308 GC heap after
{Heap after GC invocations=2588 (full 67):
 PSYoungGen      total 5120K, used 256K [0x00000000eab00000, 0x00000000eb300000, 0x0000000100000000)
  eden space 4608K, 0% used [0x00000000eab00000,0x00000000eab00000,0x00000000eaf80000)
  from space 512K, 50% used [0x00000000eb100000,0x00000000eb140000,0x00000000eb180000)
  to   space 1024K, 0% used [0x00000000eb200000,0x00000000eb200000,0x00000000eb300000)
 ParOldGen       total 178688K, used 132597K [0x00000000c0000000, 0x00000000cae80000, 0x00000000eab00000)
  object space 178688K, 74% used [0x00000000c0000000,0x00000000c817d6f0,0x00000000cae80000)
 Metaspace       used 92274K, committed 93632K, reserved 1179648K
  class space    used 9230K, committed 9856K, reserved 1048576K
}

